0.593256 88
0.724881 176
0.785601 264
0.811017 362
0.834256 461
0.843552 559
0.854331 658
0.863232 756
0.871835 854
0.865605 953
0.872725 1051
0.877967 1148
0.877077 1246
0.883703 1343
0.879945 1440
0.884098 1538
0.883900 1635
0.886175 1733
0.883406 1830
0.887065 1928
0.887757 2025
0.892603 2123
0.879055 2221
0.887856 2319
0.886867 2416
0.889537 2514
0.886570 2612
0.893394 2710
0.887757 2808
0.885878 2906
0.886175 3005
0.881725 3104
0.881824 3204
0.878758 3307
0.879945 3414
0.882120 3526
0.876879 3653
0.877176 3805
0.876879 3997
0.875099 4235
0.871044 4554
0.869858 4951
0.869858 5468
0.867089 6111
0.854134 6823
0.849980 7599
0.845530 8401
0.842761 9176
0.824960 9888
0.822290 10495
0.804292 10987
0.775415 11370
0.761076 11658
0.704806 11871
0.598794 12023
0.394976 12155
0.099189 12260
0.111056 12379
0.110463 12592
0.110661 12868
0.111452 13152
0.111650 13430
0.111254 13705
0.110759 13983
0.110858 14261
0.110957 14549
0.112243 14843
0.112144 15139
0.111847 15442
0.112441 15751
0.112342 16060
0.112737 16374
0.112836 16682
0.112441 16997
0.112045 17310
0.112342 17630
0.112045 17937
0.112441 18238
0.111551 18539
0.112045 18829
0.111650 19132
0.111748 19447
0.111353 19744
0.111155 20039
0.109869 20318
0.110562 20598
0.109474 20884
0.109968 21173
0.109573 21461
0.109771 21752
0.109869 22050
0.110463 22354
0.110067 22662
0.109968 22966
0.109573 23261
0.109573 23558
0.109869 23855
0.110364 24154
0.110364 24456
0.110463 24758
