0.118157 10
0.413934 19
0.331201 28
0.426009 37
0.684415 47
0.575366 57
0.685413 67
0.701048 76
0.733525 86
0.736689 96
0.753095 106
0.762757 115
0.790496 125
0.777660 135
0.782783 145
0.826058 154
0.808070 164
0.800544 174
0.849664 184
0.797172 193
0.854193 203
0.810028 213
0.854341 223
0.836422 232
0.846964 242
0.846341 252
0.861155 262
0.845886 271
0.856725 281
0.864151 291
0.846855 301
0.872449 310
0.859454 320
0.865991 330
0.881853 340
0.852443 349
0.893720 359
0.857011 369
0.879846 379
0.874792 388
0.887183 398
0.867227 408
0.893216 418
0.880409 427
0.883188 437
0.885710 447
0.878471 457
0.901830 466
0.876256 476
0.886234 486
0.903491 495
0.881517 505
0.901295 515
0.884405 525
0.901671 534
0.888410 544
0.897676 554
0.887460 564
0.910532 573
0.887371 583
0.902176 593
0.907318 602
0.886096 612
0.909415 622
0.899100 632
0.899802 641
0.904697 651
0.898912 661
0.911165 671
0.903708 680
0.905390 690
0.906784 700
0.910324 710
0.891782 719
0.920382 729
0.902017 739
0.911798 748
0.909583 758
0.905785 768
0.918592 778
0.901078 787
0.908801 797
0.917979 807
0.908881 817
0.909474 826
0.919561 836
0.912282 846
0.912065 856
0.918542 865
0.908258 875
0.925227 885
0.903174 895
0.918038 904
0.919205 914
0.913430 924
0.919650 933
0.918216 943
0.917049 953
0.920125 963
0.918582 972
