1386272505
0.119190 1386272525
0.403522 1386272544
0.299257 1386272564
0.553237 1386272583
0.510672 1386272603
0.651536 1386272623
0.641672 1386272642
0.697670 1386272661
0.722648 1386272682
0.725541 1386272702
0.754170 1386272721
0.758711 1386272741
0.765913 1386272760
0.780195 1386272780
0.759321 1386272800
0.810753 1386272819
0.788345 1386272839
0.829336 1386272859
0.807794 1386272879
0.826881 1386272898
0.816225 1386272918
0.828718 1386272938
0.819002 1386272958
0.850557 1386272977
0.823823 1386272997
0.854513 1386273016
0.822768 1386273035
0.857199 1386273055
0.839539 1386273075
0.860075 1386273095
0.848472 1386273114
0.863001 1386273134
0.852972 1386273154
0.861452 1386273174
0.859276 1386273194
0.872520 1386273213
0.861213 1386273233
0.873039 1386273253
0.854043 1386273272
0.872997 1386273292
0.867080 1386273312
0.876986 1386273332
0.879500 1386273350
0.875939 1386273369
0.881972 1386273389
0.876220 1386273408
0.873014 1386273428
0.892619 1386273448
0.867015 1386273468
0.896641 1386273487
0.860471 1386273506
0.902987 1386273525
0.874258 1386273545
0.903127 1386273564
0.885145 1386273584
0.892331 1386273603
0.886562 1386273622
0.879813 1386273642
0.894358 1386273661
0.885087 1386273680
0.898915 1386273700
0.890740 1386273719
0.890749 1386273738
0.897605 1386273757
0.891383 1386273777
0.901165 1386273797
0.890930 1386273816
0.902912 1386273835
0.888878 1386273853
0.903918 1386273872
0.888886 1386273890
0.914409 1386273908
0.886546 1386273926
0.912686 1386273944
0.888375 1386273962
0.907008 1386273980
0.902401 1386273998
0.904099 1386274016
0.910189 1386274034
0.897498 1386274052
0.911236 1386274070
0.890279 1386274088
0.909967 1386274106
0.900127 1386274123
0.907206 1386274141
0.908467 1386274159
0.898355 1386274177
0.921109 1386274194
0.897350 1386274212
0.921957 1386274230
0.901981 1386274247
0.912769 1386274265
0.903959 1386274283
0.906670 1386274301
0.907066 1386274319
0.916823 1386274337
0.914095 1386274354
0.916724 1386274372
0.913510 1386274389
0.914714 1386274407
