0.707872 33
0.588954 67
0.846272 99
0.729789 123
0.834405 147
0.853927 171
0.791464 195
0.797382 219
0.868165 243
0.885266 267
0.837295 290
0.833276 314
0.877580 338
0.904052 362
0.860879 385
0.851771 409
0.890429 433
0.912583 458
0.885056 482
0.863277 506
0.889317 530
0.919964 554
0.896990 578
0.871616 602
0.884635 626
0.926634 650
0.907547 675
0.881486 698
0.889516 722
0.932504 746
0.918807 769
0.881256 794
0.891701 817
0.934696 841
0.925028 865
0.886285 889
0.884816 914
0.932292 939
0.930488 962
0.887942 986
0.888860 1010
0.933352 1034
0.936285 1058
0.893821 1082
0.892962 1106
0.934230 1130
0.940157 1154
0.897474 1178
0.893149 1203
0.929233 1227
0.939465 1251
0.904510 1275
0.897959 1298
0.926299 1323
0.940264 1347
0.907395 1371
0.899546 1395
0.922938 1419
0.944278 1443
0.916221 1467
0.900248 1490
0.916742 1515
0.945227 1539
0.921870 1563
0.904778 1587
0.914981 1611
0.943612 1635
0.931347 1659
0.901340 1683
0.907192 1707
0.946219 1731
0.932940 1756
0.905689 1779
0.909895 1803
0.946599 1827
0.938271 1851
0.900670 1876
0.909109 1899
0.944727 1923
0.938835 1947
0.906444 1971
0.904172 1995
0.947565 2020
0.945872 2044
0.908400 2067
0.910026 2091
0.942423 2115
0.944623 2138
0.914490 2162
0.908059 2185
0.939026 2209
0.949076 2233
0.920238 2256
0.911258 2281
0.934965 2305
0.947076 2328
0.918970 2353
0.911944 2377
0.931529 2401
0.948309 2424
