0.262786 23
0.700566 47
0.692448 70
0.690000 88
0.817797 105
0.841991 123
0.763989 140
0.780441 158
0.866131 175
0.864569 192
0.808416 210
0.820012 227
0.887898 245
0.876826 262
0.832590 280
0.844824 297
0.902432 315
0.882133 333
0.853146 350
0.863846 368
0.907426 385
0.880635 403
0.860733 420
0.882280 438
0.914276 455
0.884441 473
0.867522 490
0.895601 508
0.921000 525
0.882588 543
0.876170 560
0.902748 578
0.922661 595
0.882082 613
0.883195 631
0.908958 648
0.923932 666
0.882738 683
0.884052 701
0.922169 718
0.927317 736
0.888130 753
0.889207 770
0.923237 788
0.929702 805
0.893245 823
0.895190 840
0.926165 858
0.924684 875
0.895974 893
0.893529 910
0.929864 928
0.920988 946
0.904962 963
0.900521 981
0.930345 998
0.918462 1016
0.906659 1033
0.906905 1051
0.931009 1068
0.917004 1086
0.902250 1103
0.913132 1121
0.932820 1138
0.909619 1156
0.906305 1173
0.917157 1191
0.935815 1208
0.906772 1226
0.909997 1244
0.922772 1261
0.938683 1279
0.906183 1296
0.912103 1313
0.930245 1331
0.939435 1348
0.906867 1366
0.912921 1383
0.934906 1400
0.941142 1418
0.907693 1435
0.912103 1453
0.940151 1470
0.939264 1488
0.911994 1505
0.914420 1523
0.939094 1540
0.933486 1558
0.913716 1575
0.917310 1593
0.939892 1610
0.930511 1628
0.917238 1645
0.921436 1663
0.938917 1680
0.927842 1697
0.921272 1715
0.926134 1732
0.939686 1750
0.922657 1767
