0.219581 19
0.629846 37
0.614616 55
0.774407 74
0.735903 96
0.764495 117
0.785367 139
0.830417 160
0.785297 182
0.802391 203
0.815484 225
0.831084 245
0.800014 267
0.812222 287
0.833812 306
0.836478 326
0.821939 346
0.829310 366
0.861144 386
0.849840 406
0.839025 426
0.853123 445
0.879077 465
0.859265 485
0.863800 504
0.878216 524
0.894439 544
0.882780 563
0.877419 583
0.905391 603
0.904393 623
0.897108 642
0.891860 662
0.916016 682
0.906735 701
0.904111 721
0.892050 741
0.929968 760
0.903896 780
0.905541 799
0.904964 819
0.930763 838
0.904201 858
0.910039 877
0.908361 897
0.930196 916
0.908256 935
0.910642 955
0.918905 974
0.923633 994
0.908398 1013
0.908224 1032
0.916967 1052
0.913788 1071
0.901666 1091
0.899271 1110
0.915267 1129
0.897383 1149
0.895934 1168
0.892971 1188
0.912463 1207
0.897644 1226
0.896276 1246
0.900803 1265
0.914902 1284
0.899266 1304
0.901090 1323
0.912658 1343
0.914981 1362
0.911984 1382
0.907843 1401
0.924019 1420
0.920962 1440
0.917727 1459
0.915952 1479
0.939531 1498
0.922446 1517
0.927755 1537
0.923536 1556
0.941284 1576
0.923760 1596
0.924259 1616
0.926787 1635
0.939806 1655
0.923489 1675
0.926643 1694
0.934610 1714
0.932986 1734
0.928378 1753
0.923320 1773
0.938932 1793
0.930886 1813
0.928044 1832
0.924554 1852
0.947520 1871
0.923244 1891
0.927659 1910
0.921847 1930
0.940789 1949
0.917102 1968
