1386274903
0.190801 1386274920
0.288135 1386274938
0.527616 1386274955
0.633888 1386274973
0.644024 1386274990
0.721840 1386275007
0.737107 1386275025
0.767912 1386275043
0.751051 1386275061
0.747478 1386275078
0.819793 1386275096
0.822303 1386275114
0.785750 1386275132
0.831994 1386275149
0.815145 1386275167
0.817902 1386275185
0.837545 1386275202
0.848447 1386275220
0.847323 1386275238
0.838385 1386275256
0.843911 1386275274
0.864134 1386275292
0.837903 1386275309
0.873603 1386275327
0.882108 1386275345
0.848967 1386275362
0.858806 1386275380
0.877200 1386275397
0.869511 1386275415
0.882850 1386275433
0.869981 1386275450
0.886064 1386275468
0.878078 1386275486
0.856136 1386275504
0.887819 1386275521
0.906571 1386275538
0.871217 1386275556
0.883826 1386275574
0.891960 1386275592
0.888338 1386275609
0.883962 1386275627
0.893456 1386275645
0.910997 1386275662
0.889228 1386275680
0.871316 1386275697
0.907029 1386275715
0.893703 1386275732
0.894840 1386275749
0.910787 1386275765
0.898116 1386275783
0.896361 1386275800
0.896732 1386275818
0.895285 1386275836
0.918846 1386275853
0.902912 1386275871
0.901713 1386275889
0.914594 1386275906
0.889611 1386275924
0.902109 1386275941
0.922505 1386275959
0.910787 1386275976
0.902826 1386275993
0.909044 1386276010
0.906423 1386276027
0.909180 1386276045
0.899229 1386276062
0.930701 1386276080
0.920169 1386276097
0.892788 1386276115
0.908636 1386276133
0.919316 1386276150
0.906287 1386276168
0.919526 1386276186
0.913519 1386276203
0.920256 1386276221
0.906250 1386276239
0.900910 1386276256
0.924965 1386276274
0.924669 1386276292
0.904074 1386276310
0.920293 1386276328
0.916263 1386276345
0.909699 1386276361
0.917870 1386276379
0.924236 1386276397
0.921640 1386276414
0.913370 1386276432
0.912505 1386276450
0.927364 1386276467
0.906781 1386276485
0.922740 1386276503
0.933235 1386276520
0.909736 1386276538
0.915435 1386276555
0.925188 1386276573
0.916782 1386276590
0.924557 1386276607
0.918105 1386276625
0.926610 1386276643
0.924533 1386276660
